sample.interval=20000
"expand.grid" "createh" 
"matrix" "createh" 
"createh" 
"+" "createh" 
"createh" 
"amv_dimnames" "list_to_array" "laply" "hcalcov" "createh" 
"createh" 
"createh" 
"createh" 
"cbind" "createh" 
"which" "createh" 
"&" "which" "createh" 
"&" "which" "createh" 
"cbind" "createh" 
"&" "which" "createh" 
"which" "createh" 
"&" "which" "createh" 
"which" "createh" 
"<=" "which" "createh" 
"|" "which" "createh" 
"&" "which" "createh" 
"&" "which" "createh" 
">" "which" "createh" 
"cbind" "createh" 
"which" "createh" 
"|" "which" "createh" 
"unique.default" "sort" "as.factor" "split.default" "split" "Ops.data.frame" "*" "createh" 
"which" "createh" 
"which" "createh" 
"which" "createh" 
"which" "createh" 
"which" "createh" 
"which" "createh" 
"|" "which" "createh" 
"&" "which" "createh" 
"cbind" "createh" 
"&" "which" "createh" 
"which" "createh" 
"which" "createh" 
"&" "which" "createh" 
"cbind" "createh" 
"&" "which" "createh" 
"&" "which" "createh" 
"which" "createh" 
"data.frame" "Ops.data.frame" "/" "createh" 
">=" "which" "createh" 
"&" "which" "createh" 
"<" "which" "createh" 
"cbind" "createh" 
"which" "createh" 
"|" "which" "createh" 
"createh" 
"which" "createh" 
"which" "createh" 
"which" "createh" 
"createh" 
"sum" "do.call" "Summary.data.frame" "sum" "createh" 
"which" "createh" 
"|" "which" "createh" 
"&" "which" "createh" 
"which" "createh" 
"|" "which" "createh" 
"which" "createh" 
"cbind" "createh" 
"&" "which" "createh" 
"|" "which" "createh" 
"&" "which" "createh" 
"cbind" "createh" 
"&" "which" "createh" 
"which" "createh" 
"which" "createh" 
"cbind" "createh" 
"which" "createh" 
"&" "which" "createh" 
"which" "createh" 
"split.default" "split" "Ops.data.frame" "/" "createh" 
"which" "createh" 
"&" "which" "createh" 
"&" "which" "createh" 
"cbind" "createh" 
"&" "which" "createh" 
">" "which" "createh" 
"cbind" "createh" 
"which" "createh" 
"which" "createh" 
"which" "createh" 
"as.list" "data.frame" "Ops.data.frame" "/" "createh" 
"which" "createh" 
"which" "createh" 
"which" "createh" 
"FUN" "eval" "eval" "Ops.data.frame" "*" "createh" 
"which" "createh" 
"<=" "which" "createh" 
"&" "which" "createh" 
"which" "createh" 
"cbind" "createh" 
"which" "createh" 
"&" "which" "createh" 
"cbind" "createh" 
">=" "which" "createh" 
"<=" "which" "createh" 
"createh" 
"is_function" "split_chain" "%>%" "createh" 
"which" "createh" 
"which" "createh" 
"|" "which" "createh" 
"createh" 
"which" "createh" 
"which" "createh" 
"createh" 
"<" "which" "createh" 
"cbind" "createh" 
">=" "which" "createh" 
"|" "which" "createh" 
"cbind" "createh" 
"which" "createh" 
"&" "which" "createh" 
"eval" "eval" "Ops.data.frame" "/" "createh" 
"<=" "which" "createh" 
"&" "which" "createh" 
"&" "which" "createh" 
"which" "createh" 
"cbind" "createh" 
">=" "which" "createh" 
"<=" "which" "createh" 
">" "which" "createh" 
"cbind" "createh" 
"which" "createh" 
"&" "which" "createh" 
"&" "which" "createh" 
"which" "createh" 
"matrix" "createh" 
"createh" 
"+" "createh" 
"as.list.default" "as.list" "alist" "unique.matrix" "unique" "list_to_array" "laply" "hcalcov" "createh" 
"createh" 
"%*%" "createh" 
"cbind" "createh" 
"which" "createh" 
"which" "createh" 
"which" "createh" 
"&" "which" "createh" 
"cbind" "createh" 
"which" "createh" 
"which" "createh" 
"which" "createh" 
"which" "createh" 
"|" "which" "createh" 
"cbind" "createh" 
">=" "which" "createh" 
"which" "createh" 
"cbind" "createh" 
"which" "createh" 
"which" "createh" 
"cbind" "createh" 
"which" "createh" 
"&" "which" "createh" 
"<" "which" "createh" 
"cbind" "createh" 
"&" "which" "createh" 
"|" "which" "createh" 
"<" "which" "createh" 
"cbind" "createh" 
"which" "createh" 
"<=" "which" "createh" 
">" "which" "createh" 
"which" "createh" 
".row_names_info" "data.frame" "createh" 
"which" "createh" 
"|" "which" "createh" 
"!" "createh" 
"cbind" "createh" 
"which" "createh" 
"which" "createh" 
"length" "length" "data.frame" "createh" 
"which" "createh" 
"which" "createh" 
">" "which" "createh" 
"names" "names" "data.frame" "createh" 
"cbind" "createh" 
"which" "createh" 
"|" "which" "createh" 
"&" "which" "createh" 
"cbind" "createh" 
"which" "createh" 
"which" "createh" 
"&" "which" "createh" 
"which" "createh" 
"cbind" "createh" 
">=" "which" "createh" 
"createh" 
"createh" 
"cbind" "createh" 
"which" "createh" 
"which" "createh" 
"unique.default" "sort" "as.factor" "split.default" "split" "Ops.data.frame" "*" "createh" 
"which" "createh" 
"which" "createh" 
"which" "createh" 
"match" "%in%" "createh" 
"which" "createh" 
"which" "createh" 
"|" "which" "createh" 
"which" "createh" 
"unique.default" "sort" "as.factor" "split.default" "split" "Ops.data.frame" "/" "createh" 
"&" "which" "createh" 
"createh" 
"createh" 
"cbind" "createh" 
"&" "which" "createh" 
"which" "createh" 
"cbind" "createh" 
"which" "createh" 
"which" "createh" 
"|" "which" "createh" 
"<" "which" "createh" 
"cbind" "createh" 
"&" "which" "createh" 
"&" "which" "createh" 
"&" "which" "createh" 
"&" "which" "createh" 
"which" "createh" 
"&" "which" "createh" 
"unlist" "data.frame" "Ops.data.frame" "/" "createh" 
"which" "createh" 
"<=" "which" "createh" 
"which" "createh" 
"cbind" "createh" 
"&" "which" "createh" 
"|" "which" "createh" 
"<" "which" "createh" 
"cbind" "createh" 
"which" "createh" 
"|" "which" "createh" 
"length" "length" "data.frame" "createh" 
"<=" "which" "createh" 
"which" "createh" 
"|" "which" "createh" 
"cbind" "createh" 
"&" "which" "createh" 
"|" "which" "createh" 
"createh" 
"matrix" "createh" 
"matrix" "createh" 
"createh" 
"createh" 
"createh" 
"createh" 
"expand.grid" "list_to_array" "laply" "hcalcov" "createh" 
"createh" 
"createh" 
"createh" 
"createh" 
"createh" 
"cbind" "createh" 
".Call" "summarise_impl" "summarise_.tbl_df" "summarise_" "as.data.frame" "summarise_.data.frame" "summarise_" "summarise" "<Anonymous>" "withVisible" "freduce" "_fseq" "eval" "eval" "withVisible" "%>%" "createh" 
"which" "createh" 
"which" "createh" 
"which" "createh" 
"&" "which" "createh" 
"which" "createh" 
"which" "createh" 
"which" "createh" 
"&" "which" "createh" 
"cbind" "createh" 
"&" "which" "createh" 
"&" "which" "createh" 
"which" "createh" 
"&" "which" "createh" 
"which" "createh" 
"&" "which" "createh" 
"&" "which" "createh" 
"which" "createh" 
"cbind" "createh" 
"which" "createh" 
"which" "createh" 
"<=" "which" "createh" 
"|" "which" "createh" 
"which" "createh" 
"split.default" "split" "Ops.data.frame" "*" "createh" 
"which" "createh" 
">=" "which" "createh" 
">=" "which" "createh" 
"which" "createh" 
"|" "which" "createh" 
"&" "which" "createh" 
"cbind" "createh" 
"which" "createh" 
"<=" "which" "createh" 
"which" "createh" 
"match" "%in%" "createh" 
"cbind" "createh" 
"&" "which" "createh" 
"which" "createh" 
"|" "which" "createh" 
"which" "createh" 
"formals" "match.arg" "sort.int" "sort.default" "sort" "as.factor" "split.default" "split" "Ops.data.frame" "/" "createh" 
"&" "which" "createh" 
"createh" 
"cbind" "createh" 
"which" "createh" 
"<=" "which" "createh" 
"which" "createh" 
"cbind" "createh" 
"&" "which" "createh" 
"which" "createh" 
"which" "createh" 
"split.default" "split" "Ops.data.frame" "/" "createh" 
"which" "createh" 
"&" "which" "createh" 
"createh" 
"which" "createh" 
">=" "which" "createh" 
"which" "createh" 
"&" "which" "createh" 
"cbind" "createh" 
">=" "which" "createh" 
"which" "createh" 
"&" "which" "createh" 
"which" "createh" 
"&" "which" "createh" 
"&" "which" "createh" 
"cbind" "createh" 
"which" "createh" 
"&" "which" "createh" 
"&" "which" "createh" 
"cbind" "createh" 
"&" "which" "createh" 
"&" "which" "createh" 
"cbind" "createh" 
"which" "createh" 
"which" "createh" 
"split.default" "split" "Ops.data.frame" "/" "createh" 
"which" "createh" 
"&" "which" "createh" 
"createh" 
"cbind" "createh" 
"which" "createh" 
"which" "createh" 
"which" "createh" 
"unique.default" "sort" "as.factor" "split.default" "split" "Ops.data.frame" "/" "createh" 
"&" "which" "createh" 
"which" "createh" 
"cbind" "createh" 
"which" "createh" 
"which" "createh" 
"createh" 
"&" "which" "createh" 
"|" "which" "createh" 
"createh" 
"cbind" "createh" 
"&" "which" "createh" 
"|" "which" "createh" 
"which" "createh" 
"unique.default" "sort" "as.factor" "split.default" "split" "Ops.data.frame" "/" "createh" 
"which" "createh" 
"&" "which" "createh" 
"which" "createh" 
"&" "which" "createh" 
"which" "createh" 
"cbind" "createh" 
"which" "createh" 
"&" "which" "createh" 
"which" "createh" 
"cbind" "createh" 
"which" "createh" 
"which" "createh" 
"which" "createh" 
"&" "which" "createh" 
"which" "createh" 
"&" "which" "createh" 
"<=" "which" "createh" 
"which" "createh" 
"cbind" "createh" 
"which" "createh" 
"&" "which" "createh" 
"&" "which" "createh" 
"<" "which" "createh" 
"cbind" "createh" 
"cbind" "createh" 
"&" "which" "createh" 
"|" "which" "createh" 
"&" "which" "createh" 
